#-----------------------------------------------------------
# Vivado v2018.2 (64-bit)
# SW Build 2258646 on Thu Jun 14 20:03:12 MDT 2018
# IP Build 2256618 on Thu Jun 14 22:10:49 MDT 2018
# Start of session at: Tue Apr 14 10:37:07 2020
# Process ID: 14976
# Current directory: C:/Users/lamje/Dropbox/Y1S2/EE2026/Lab Materials/Project Final/SoundDisplay
# Command line: vivado.exe -gui_launcher_event rodinguilauncherevent7048 C:\Users\lamje\Dropbox\Y1S2\EE2026\Lab Materials\Project Final\SoundDisplay\SoundDisplay.xpr
# Log file: C:/Users/lamje/Dropbox/Y1S2/EE2026/Lab Materials/Project Final/SoundDisplay/vivado.log
# Journal file: C:/Users/lamje/Dropbox/Y1S2/EE2026/Lab Materials/Project Final/SoundDisplay\vivado.jou
#-----------------------------------------------------------
start_gui
open_project {C:/Users/lamje/Dropbox/Y1S2/EE2026/Lab Materials/Project Final/SoundDisplay/SoundDisplay.xpr}
Scanning sources...
Finished scanning sources
INFO: [IP_Flow 19-234] Refreshing IP repositories
INFO: [IP_Flow 19-1704] No user IP repositories specified
INFO: [IP_Flow 19-2313] Loaded Vivado IP repository 'C:/Xilinx/Vivado/2018.2/data/ip'.
open_project: Time (s): cpu = 00:00:10 ; elapsed = 00:00:14 . Memory (MB): peak = 737.063 ; gain = 70.031
update_compile_order -fileset sources_1
exit
INFO: [Common 17-206] Exiting Vivado at Tue Apr 14 11:27:16 2020...
